<?xml version="1.0" encoding="UTF-8"?>
<!-- Generated by org.testng.reporters.JUnitXMLReporter -->
<testsuite ignored="0" hostname="DESKTOP-5VPG43M" failures="1" tests="1" name="Validate Test" time="0.058" errors="0" timestamp="05 Jul 2020 02:59:34 GMT">
  <testcase classname="testcases.TestCase2" name="validateTitles" time="0.026">
    <failure type="java.lang.AssertionError" message="The following asserts failed:
	expected [Yahoo.com] but found [Gmail.com],
	Image not present. expected [false] but found [true],
	Text box not present. expected [false] but found [true]">
      <![CDATA[java.lang.AssertionError: The following asserts failed:
expected [Yahoo.com] but found [Gmail.com],
Image not present. expected [false] but found [true],
Text box not present. expected [false] but found [true]
at testcases.TestCase2.validateTitles(TestCase2.java:42)
... Removed 26 stack frames]]>
    </failure>
  </testcase> <!-- validateTitles -->
</testsuite> <!-- Validate Test -->
