<?xml version="1.0" encoding="UTF-8"?>
<!-- Generated by org.testng.reporters.JUnitXMLReporter -->
<testsuite ignored="0" hostname="DESKTOP-5VPG43M" failures="1" tests="1" name="Regression Validate Title Test" time="0.019" errors="0" timestamp="2020-07-02T11:48:22 PST">
  <testcase classname="regression.TestCase2" name="validateTitles" time="0.009">
    <failure type="java.lang.AssertionError" message="The following asserts failed:
	expected [Yahoo.com] but found [Gmail.com],
	Image not present. expected [false] but found [true],
	Text box not present. expected [false] but found [true]">
      <![CDATA[java.lang.AssertionError: The following asserts failed:
expected [Yahoo.com] but found [Gmail.com],
Image not present. expected [false] but found [true],
Text box not present. expected [false] but found [true]
at regression.TestCase2.validateTitles(TestCase2.java:42)
at java.base/java.util.ArrayList.forEach(ArrayList.java:1510)
... Removed 29 stack frames]]>
    </failure>
  </testcase> <!-- validateTitles -->
</testsuite> <!-- Regression Validate Title Test -->
