<?xml version="1.0" encoding="UTF-8"?>
<!-- Generated by org.testng.reporters.JUnitReportReporter -->
<testsuite hostname="DESKTOP-5VPG43M" failures="0" tests="3" name="parameterization.LoginTest" time="0.019" errors="1" timestamp="08 Jul 2020 07:21:43 GMT" skipped="0">
  <testcase classname="parameterization.LoginTest" name="testUserReg" time="0.000">
    <error message="
Method public void parameterization.LoginTest.testUserReg(java.lang.String,java.lang.String,java.lang.String) requires a @DataProvider named : dp2 in class parameterization.DataProviders" type="org.testng.TestNGException">
      <![CDATA[org.testng.TestNGException: 
Method public void parameterization.LoginTest.testUserReg(java.lang.String,java.lang.String,java.lang.String) requires a @DataProvider named : dp2 in class parameterization.DataProviders
at org.testng.internal.Parameters.findDataProvider(Parameters.java:513)
at org.testng.internal.Parameters.handleParameters(Parameters.java:691)
at org.testng.internal.ParameterHandler.handleParameters(ParameterHandler.java:49)
at org.testng.internal.ParameterHandler.createParameters(ParameterHandler.java:37)
at org.testng.internal.Invoker.invokeTestMethods(Invoker.java:924)
at org.testng.internal.TestMethodWorker.invokeTestMethods(TestMethodWorker.java:125)
at org.testng.internal.TestMethodWorker.run(TestMethodWorker.java:109)
at org.testng.TestRunner.privateRun(TestRunner.java:648)
at org.testng.TestRunner.run(TestRunner.java:505)
at org.testng.SuiteRunner.runTest(SuiteRunner.java:455)
at org.testng.SuiteRunner.runSequentially(SuiteRunner.java:450)
at org.testng.SuiteRunner.privateRun(SuiteRunner.java:415)
at org.testng.SuiteRunner.run(SuiteRunner.java:364)
at org.testng.SuiteRunnerWorker.runSuite(SuiteRunnerWorker.java:52)
at org.testng.SuiteRunnerWorker.run(SuiteRunnerWorker.java:84)
at org.testng.TestNG.runSuitesSequentially(TestNG.java:1208)
at org.testng.TestNG.runSuitesLocally(TestNG.java:1137)
at org.testng.TestNG.runSuites(TestNG.java:1049)
at org.testng.TestNG.run(TestNG.java:1017)
at org.testng.remote.AbstractRemoteTestNG.run(AbstractRemoteTestNG.java:115)
at org.testng.remote.RemoteTestNG.initAndRun(RemoteTestNG.java:251)
at org.testng.remote.RemoteTestNG.main(RemoteTestNG.java:77)
]]>
    </error>
  </testcase> <!-- testUserReg -->
  <testcase classname="parameterization.LoginTest" name="testLogin" time="0.016"/>
  <testcase classname="parameterization.LoginTest" name="testLogin" time="0.003"/>
</testsuite> <!-- parameterization.LoginTest -->
